<testsuites id="" name="" tests="1" failures="1" skipped="0" errors="0" time="15.144414000000001">
<testsuite name="regression.spec.ts" timestamp="2025-08-27T15:29:44.831Z" hostname="Mobile Chrome Performance" tests="1" failures="1" skipped="0" time="14.38" errors="0">
<testcase name="Performance Regression Suite › Performance consistency across multiple runs" classname="regression.spec.ts" time="14.38">
<failure message="regression.spec.ts:234:7 Performance consistency across multiple runs" type="FAILURE">
<![CDATA[  [Mobile Chrome Performance] › regression.spec.ts:234:7 › Performance Regression Suite › Performance consistency across multiple runs 

    Error: expect(received).toBeLessThan(expected)

    Expected: < 60
    Received:   NaN

      259 |     // Assert reasonable consistency (coefficient of variation - more lenient for test environment)
      260 |     expect(lcpConsistency).toBeLessThan(50); // 50% variation acceptable in test environment
    > 261 |     expect(inpConsistency).toBeLessThan(60); // More lenient for INP due to its volatile nature
          |                            ^
      262 |   });
      263 |
      264 |   test('Performance degradation over time simulation', async ({ page }) => {
        at /Users/levy/w/automapost/tests/performance/regression.spec.ts:261:28

    attachment #1: screenshot (image/png) ──────────────────────────────────────────────────────────
    ../../test-results/regression-Performance-Reg-2b9ee-stency-across-multiple-runs-Mobile-Chrome-Performance/test-failed-1.png
    ────────────────────────────────────────────────────────────────────────────────────────────────

    Error Context: ../../test-results/regression-Performance-Reg-2b9ee-stency-across-multiple-runs-Mobile-Chrome-Performance/error-context.md
]]>
</failure>
<system-out>
<![CDATA[🔄 Testing performance consistency...

📊 Performance Consistency Analysis:
   LCP Coefficient of Variation: 13.2%
   INP Coefficient of Variation: NaN%
   LCP Range: 0ms - 0ms
   INP Range: 0ms - 0ms
🎯 Performance regression testing completed
📄 Results and baseline stored in /Users/levy/w/automapost/test-results/performance-baseline.json

[[ATTACHMENT|regression-Performance-Reg-2b9ee-stency-across-multiple-runs-Mobile-Chrome-Performance/test-failed-1.png]]

[[ATTACHMENT|regression-Performance-Reg-2b9ee-stency-across-multiple-runs-Mobile-Chrome-Performance/error-context.md]]
]]>
</system-out>
</testcase>
</testsuite>
</testsuites>